[04:28:18] [ServerMain/INFO]: Environment: authHost='https://authserver.mojang.com', accountsHost='https://api.mojang.com', sessionHost='https://sessionserver.mojang.com', servicesHost='https://api.minecraftservices.com', name='PROD'
[04:28:19] [ServerMain/INFO]: Found new data pack file/bukkit, loading it automatically
[04:28:21] [ServerMain/INFO]: Loaded 7 recipes
[04:28:22] [Server thread/INFO]: Starting minecraft server version 1.20.1
[04:28:22] [Server thread/INFO]: Loading properties
[04:28:22] [Server thread/INFO]: This server is running Paper version git-Paper-196 (MC: 1.20.1) (Implementing API version 1.20.1-R0.1-SNAPSHOT) (Git: 773dd72)
[04:28:23] [Server thread/INFO]: Server Ping Player Sample Count: 12
[04:28:23] [Server thread/INFO]: Using 4 threads for Netty based IO
[04:28:24] [Server thread/INFO]: [ChunkTaskScheduler] Chunk system is using 1 I/O threads, 1 worker threads, and gen parallelism of 1 threads
[04:28:24] [Server thread/WARN]: [!] The timings profiler has been enabled but has been scheduled for removal from Paper in the future.
    We recommend installing the spark profiler as a replacement: https://spark.lucko.me/
    For more information please visit: https://github.com/PaperMC/Paper/issues/8948
[04:28:24] [Server thread/INFO]: Default game type: SURVIVAL
[04:28:24] [Server thread/INFO]: Generating keypair
[04:28:24] [Server thread/INFO]: Starting Minecraft server on *:25565
[04:28:24] [Server thread/INFO]: Using epoll channel type
[04:28:24] [Server thread/INFO]: Paper: Using libdeflate (Linux x86_64) compression from Velocity.
[04:28:24] [Server thread/INFO]: Paper: Using OpenSSL 3.0.x (Linux x86_64) cipher from Velocity.
[04:28:25] [Server thread/WARN]: **** SERVER IS RUNNING IN OFFLINE/INSECURE MODE!
[04:28:25] [Server thread/WARN]: The server will make no attempt to authenticate usernames. Beware.
[04:28:25] [Server thread/WARN]: While this makes the game possible to play without internet access, it also opens up the ability for hackers to connect with any username they choose.
[04:28:25] [Server thread/WARN]: To change this, set "online-mode" to "true" in the server.properties file.
[04:28:25] [Server thread/INFO]: Preparing level "world"
[04:28:43] [Server thread/INFO]: Preparing start region for dimension minecraft:overworld
[04:28:44] [Server thread/INFO]: Time elapsed: 261 ms
[04:28:44] [Server thread/INFO]: Preparing start region for dimension minecraft:the_nether
[04:28:44] [Server thread/INFO]: Time elapsed: 99 ms
[04:28:44] [Server thread/INFO]: Preparing start region for dimension minecraft:the_end
[04:28:44] [Server thread/INFO]: Time elapsed: 79 ms
[04:28:44] [Server thread/INFO]: Running delayed init tasks
[04:28:44] [Server thread/INFO]: Done (21.883s)! For help, type "help"
[04:28:44] [Server thread/INFO]: Timings Reset
[04:29:36] [User Authenticator #0/INFO]: UUID of player Benzu199 is c1a67550-db0a-373a-8c28-0945fa4a3c1b
[04:29:37] [Server thread/INFO]: Benzu199 joined the game
[04:29:37] [Server thread/INFO]: Benzu199[/127.142.56.134:34753] logged in with entity id 78 at ([world]-56.5, 74.0, -99.5)
[04:31:22] [Server thread/INFO]: Made Benzu199 a server operator
[04:39:54] [Server thread/INFO]: Benzu199 lost connection: Disconnected
[04:39:54] [Server thread/INFO]: Benzu199 left the game
[04:40:00] [Server thread/INFO]: Saving the game (this may take a moment!)
[04:40:00] [Server thread/INFO]: Saved the game
[04:40:02] [Server thread/INFO]: Stopping the server
[04:40:02] [Server thread/INFO]: Stopping server
[04:40:02] [Server thread/INFO]: Saving players
[04:40:02] [Server thread/INFO]: Saving worlds
[04:40:02] [Server thread/INFO]: Saving chunks for level 'ServerLevel[world]'/minecraft:overworld
[04:40:02] [Server thread/INFO]: [ChunkHolderManager] Waiting 60s for chunk system to halt for world 'world'
[04:40:02] [Server thread/INFO]: [ChunkHolderManager] Halted chunk system for world 'world'
[04:40:02] [Server thread/INFO]: [ChunkHolderManager] Saving all chunkholders for world 'world'
[04:40:03] [Server thread/INFO]: [ChunkHolderManager] Saved 1110 block chunks, 102 entity chunks, 0 poi chunks in world 'world' in 0.93s
[04:40:04] [Server thread/INFO]: ThreadedAnvilChunkStorage (world): All chunks are saved
[04:40:04] [Server thread/INFO]: Saving chunks for level 'ServerLevel[world_nether]'/minecraft:the_nether
[04:40:04] [Server thread/INFO]: [ChunkHolderManager] Waiting 60s for chunk system to halt for world 'world_nether'
[04:40:04] [Server thread/INFO]: [ChunkHolderManager] Halted chunk system for world 'world_nether'
[04:40:04] [Server thread/INFO]: [ChunkHolderManager] Saving all chunkholders for world 'world_nether'
[04:40:04] [Server thread/INFO]: [ChunkHolderManager] Saved 1500 block chunks, 18 entity chunks, 0 poi chunks in world 'world_nether' in 0.81s
[04:40:05] [Server thread/INFO]: ThreadedAnvilChunkStorage (DIM-1): All chunks are saved
[04:40:05] [Server thread/INFO]: Saving chunks for level 'ServerLevel[world_the_end]'/minecraft:the_end
[04:40:05] [Server thread/INFO]: [ChunkHolderManager] Waiting 60s for chunk system to halt for world 'world_the_end'
[04:40:05] [Server thread/INFO]: [ChunkHolderManager] Halted chunk system for world 'world_the_end'
[04:40:05] [Server thread/INFO]: [ChunkHolderManager] Saving all chunkholders for world 'world_the_end'
[04:40:05] [Server thread/INFO]: [ChunkHolderManager] Saved 1506 block chunks, 10 entity chunks, 0 poi chunks in world 'world_the_end' in 0.56s
[04:40:05] [Server thread/INFO]: ThreadedAnvilChunkStorage (DIM1): All chunks are saved
[04:40:05] [Server thread/INFO]: ThreadedAnvilChunkStorage: All dimensions are saved
[04:40:05] [Server thread/INFO]: Flushing Chunk IO
[04:40:05] [Server thread/INFO]: Closing Thread Pool
[04:40:05] [Server thread/INFO]: Closing Server
